Logfile initialized
[INFO] logfile = /Users/SamJacob/Desktop/App Design/Venue Finder/build.log
[DEBUG] /Library/Application Support/Titanium/mobilesdk/osx/3.1.3.GA/android/builder.py distribute Venue Finder /Users/SamJacob/Documents/Android SDK/android-sdk-macosx /Users/SamJacob/Desktop/App Design/Venue Finder com.ksagency.venuefinder /Users/SamJacob/Desktop/App Design/Keystores/com.ksagency.venuefinder KeeScott101 venuefinder.com /Users/SamJacob/Desktop
[INFO] Titanium SDK version: 3.1.3 (09/18/13 12:00 222f4d1)
[INFO] Copying CommonJS modules...
[INFO] Copying project resources..
[INFO] Detected change in tiapp.xml, or assets deleted. Forcing full re-build...
[TRACE] COPYING CREATED FILE: /Users/SamJacob/Desktop/App Design/Venue Finder/Resources/about_us.html => /Users/SamJacob/Desktop/App Design/Venue Finder/build/android/bin/assets/Resources/about_us.html
[TRACE] COPYING CREATED FILE: /Users/SamJacob/Desktop/App Design/Venue Finder/Resources/about_us_iPad.html => /Users/SamJacob/Desktop/App Design/Venue Finder/build/android/bin/assets/Resources/about_us_iPad.html
[TRACE] COPYING CREATED FILE: /Users/SamJacob/Desktop/App Design/Venue Finder/Resources/advert.html => /Users/SamJacob/Desktop/App Design/Venue Finder/build/android/bin/assets/Resources/advert.html
[TRACE] COPYING CREATED FILE: /Users/SamJacob/Desktop/App Design/Venue Finder/Resources/android/appicon.png => /Users/SamJacob/Desktop/App Design/Venue Finder/build/android/bin/assets/Resources/appicon.png
[TRACE] COPYING CREATED FILE: /Users/SamJacob/Desktop/App Design/Venue Finder/Resources/android/default.png => /Users/SamJacob/Desktop/App Design/Venue Finder/build/android/bin/assets/Resources/default.png
[TRACE] COPYING CREATED FILE: /Users/SamJacob/Desktop/App Design/Venue Finder/Resources/app.js => /Users/SamJacob/Desktop/App Design/Venue Finder/build/android/bin/assets/Resources/app.js
[TRACE] COPYING CREATED FILE: /Users/SamJacob/Desktop/App Design/Venue Finder/Resources/builders/applicationDashboard.js => /Users/SamJacob/Desktop/App Design/Venue Finder/build/android/bin/assets/Resources/builders/applicationDashboard.js
[TRACE] COPYING CREATED FILE: /Users/SamJacob/Desktop/App Design/Venue Finder/Resources/builders/applicationRateAlert.js => /Users/SamJacob/Desktop/App Design/Venue Finder/build/android/bin/assets/Resources/builders/applicationRateAlert.js
[TRACE] COPYING CREATED FILE: /Users/SamJacob/Desktop/App Design/Venue Finder/Resources/builders/createAdvert.js => /Users/SamJacob/Desktop/App Design/Venue Finder/build/android/bin/assets/Resources/builders/createAdvert.js
[TRACE] COPYING CREATED FILE: /Users/SamJacob/Desktop/App Design/Venue Finder/Resources/builders/createApplicationWindow.js => /Users/SamJacob/Desktop/App Design/Venue Finder/build/android/bin/assets/Resources/builders/createApplicationWindow.js
[TRACE] COPYING CREATED FILE: /Users/SamJacob/Desktop/App Design/Venue Finder/Resources/builders/createEmailer.js => /Users/SamJacob/Desktop/App Design/Venue Finder/build/android/bin/assets/Resources/builders/createEmailer.js
[TRACE] COPYING CREATED FILE: /Users/SamJacob/Desktop/App Design/Venue Finder/Resources/builders/createImageGallery.js => /Users/SamJacob/Desktop/App Design/Venue Finder/build/android/bin/assets/Resources/builders/createImageGallery.js
[TRACE] COPYING CREATED FILE: /Users/SamJacob/Desktop/App Design/Venue Finder/Resources/builders/createMapView.js => /Users/SamJacob/Desktop/App Design/Venue Finder/build/android/bin/assets/Resources/builders/createMapView.js
[TRACE] COPYING CREATED FILE: /Users/SamJacob/Desktop/App Design/Venue Finder/Resources/builders/createResultsPage.js => /Users/SamJacob/Desktop/App Design/Venue Finder/build/android/bin/assets/Resources/builders/createResultsPage.js
[TRACE] COPYING CREATED FILE: /Users/SamJacob/Desktop/App Design/Venue Finder/Resources/builders/databaseFunctions/createCheckField.js => /Users/SamJacob/Desktop/App Design/Venue Finder/build/android/bin/assets/Resources/builders/databaseFunctions/createCheckField.js
[TRACE] COPYING CREATED FILE: /Users/SamJacob/Desktop/App Design/Venue Finder/Resources/builders/databaseFunctions/createCountryCountyList.js => /Users/SamJacob/Desktop/App Design/Venue Finder/build/android/bin/assets/Resources/builders/databaseFunctions/createCountryCountyList.js
[TRACE] COPYING CREATED FILE: /Users/SamJacob/Desktop/App Design/Venue Finder/Resources/builders/databaseFunctions/createDatabase.js => /Users/SamJacob/Desktop/App Design/Venue Finder/build/android/bin/assets/Resources/builders/databaseFunctions/createDatabase.js
[TRACE] COPYING CREATED FILE: /Users/SamJacob/Desktop/App Design/Venue Finder/Resources/builders/databaseFunctions/createDoubleField.js => /Users/SamJacob/Desktop/App Design/Venue Finder/build/android/bin/assets/Resources/builders/databaseFunctions/createDoubleField.js
[TRACE] COPYING CREATED FILE: /Users/SamJacob/Desktop/App Design/Venue Finder/Resources/builders/databaseFunctions/update/createUpdateButton.js => /Users/SamJacob/Desktop/App Design/Venue Finder/build/android/bin/assets/Resources/builders/databaseFunctions/update/createUpdateButton.js
[TRACE] COPYING CREATED FILE: /Users/SamJacob/Desktop/App Design/Venue Finder/Resources/builders/databaseFunctions/update/getExportTimestamp.js => /Users/SamJacob/Desktop/App Design/Venue Finder/build/android/bin/assets/Resources/builders/databaseFunctions/update/getExportTimestamp.js
[TRACE] COPYING CREATED FILE: /Users/SamJacob/Desktop/App Design/Venue Finder/Resources/builders/databaseFunctions/update/getUpdateTimestamp.js => /Users/SamJacob/Desktop/App Design/Venue Finder/build/android/bin/assets/Resources/builders/databaseFunctions/update/getUpdateTimestamp.js
[TRACE] COPYING CREATED FILE: /Users/SamJacob/Desktop/App Design/Venue Finder/Resources/builders/databaseFunctions/update/setUpdateTimestamp.js => /Users/SamJacob/Desktop/App Design/Venue Finder/build/android/bin/assets/Resources/builders/databaseFunctions/update/setUpdateTimestamp.js
[TRACE] COPYING CREATED FILE: /Users/SamJacob/Desktop/App Design/Venue Finder/Resources/builders/databaseFunctions/update/updateDatabase.js => /Users/SamJacob/Desktop/App Design/Venue Finder/build/android/bin/assets/Resources/builders/databaseFunctions/update/updateDatabase.js
[TRACE] COPYING CREATED FILE: /Users/SamJacob/Desktop/App Design/Venue Finder/Resources/builders/endActInd.js => /Users/SamJacob/Desktop/App Design/Venue Finder/build/android/bin/assets/Resources/builders/endActInd.js
[TRACE] COPYING CREATED FILE: /Users/SamJacob/Desktop/App Design/Venue Finder/Resources/builders/featuredResultsFormat.js => /Users/SamJacob/Desktop/App Design/Venue Finder/build/android/bin/assets/Resources/builders/featuredResultsFormat.js
[TRACE] COPYING CREATED FILE: /Users/SamJacob/Desktop/App Design/Venue Finder/Resources/builders/freeResultsFormat.js => /Users/SamJacob/Desktop/App Design/Venue Finder/build/android/bin/assets/Resources/builders/freeResultsFormat.js
[TRACE] COPYING CREATED FILE: /Users/SamJacob/Desktop/App Design/Venue Finder/Resources/builders/newApplicationTabGroup.js => /Users/SamJacob/Desktop/App Design/Venue Finder/build/android/bin/assets/Resources/builders/newApplicationTabGroup.js
[TRACE] COPYING CREATED FILE: /Users/SamJacob/Desktop/App Design/Venue Finder/Resources/builders/offersResultsFormat.js => /Users/SamJacob/Desktop/App Design/Venue Finder/build/android/bin/assets/Resources/builders/offersResultsFormat.js
[TRACE] COPYING CREATED FILE: /Users/SamJacob/Desktop/App Design/Venue Finder/Resources/builders/startActInd.js => /Users/SamJacob/Desktop/App Design/Venue Finder/build/android/bin/assets/Resources/builders/startActInd.js
[TRACE] COPYING CREATED FILE: /Users/SamJacob/Desktop/App Design/Venue Finder/Resources/builders/submitButtonStyle.js => /Users/SamJacob/Desktop/App Design/Venue Finder/build/android/bin/assets/Resources/builders/submitButtonStyle.js
[TRACE] COPYING CREATED FILE: /Users/SamJacob/Desktop/App Design/Venue Finder/Resources/builders/todaysDate.js => /Users/SamJacob/Desktop/App Design/Venue Finder/build/android/bin/assets/Resources/builders/todaysDate.js
[TRACE] COPYING CREATED FILE: /Users/SamJacob/Desktop/App Design/Venue Finder/Resources/favourites.db => /Users/SamJacob/Desktop/App Design/Venue Finder/build/android/bin/assets/Resources/favourites.db
[TRACE] COPYING CREATED FILE: /Users/SamJacob/Desktop/App Design/Venue Finder/Resources/images/1star.png => /Users/SamJacob/Desktop/App Design/Venue Finder/build/android/bin/assets/Resources/images/1star.png
[TRACE] COPYING CREATED FILE: /Users/SamJacob/Desktop/App Design/Venue Finder/Resources/images/2star.png => /Users/SamJacob/Desktop/App Design/Venue Finder/build/android/bin/assets/Resources/images/2star.png
[TRACE] COPYING CREATED FILE: /Users/SamJacob/Desktop/App Design/Venue Finder/Resources/images/3star.png => /Users/SamJacob/Desktop/App Design/Venue Finder/build/android/bin/assets/Resources/images/3star.png
[TRACE] COPYING CREATED FILE: /Users/SamJacob/Desktop/App Design/Venue Finder/Resources/images/4star.png => /Users/SamJacob/Desktop/App Design/Venue Finder/build/android/bin/assets/Resources/images/4star.png
[TRACE] COPYING CREATED FILE: /Users/SamJacob/Desktop/App Design/Venue Finder/Resources/images/5star.png => /Users/SamJacob/Desktop/App Design/Venue Finder/build/android/bin/assets/Resources/images/5star.png
[TRACE] COPYING CREATED FILE: /Users/SamJacob/Desktop/App Design/Venue Finder/Resources/images/add_favourites.png => /Users/SamJacob/Desktop/App Design/Venue Finder/build/android/bin/assets/Resources/images/add_favourites.png
[TRACE] COPYING CREATED FILE: /Users/SamJacob/Desktop/App Design/Venue Finder/Resources/images/add_favourites_dslctd.png => /Users/SamJacob/Desktop/App Design/Venue Finder/build/android/bin/assets/Resources/images/add_favourites_dslctd.png
[TRACE] COPYING CREATED FILE: /Users/SamJacob/Desktop/App Design/Venue Finder/Resources/images/advert.png => /Users/SamJacob/Desktop/App Design/Venue Finder/build/android/bin/assets/Resources/images/advert.png
[TRACE] COPYING CREATED FILE: /Users/SamJacob/Desktop/App Design/Venue Finder/Resources/images/Amy.jpg => /Users/SamJacob/Desktop/App Design/Venue Finder/build/android/bin/assets/Resources/images/Amy.jpg
[TRACE] COPYING CREATED FILE: /Users/SamJacob/Desktop/App Design/Venue Finder/Resources/images/button_az_directory.png => /Users/SamJacob/Desktop/App Design/Venue Finder/build/android/bin/assets/Resources/images/button_az_directory.png
[TRACE] COPYING CREATED FILE: /Users/SamJacob/Desktop/App Design/Venue Finder/Resources/images/button_quick_search.png => /Users/SamJacob/Desktop/App Design/Venue Finder/build/android/bin/assets/Resources/images/button_quick_search.png
[TRACE] COPYING CREATED FILE: /Users/SamJacob/Desktop/App Design/Venue Finder/Resources/images/button_search_near.png => /Users/SamJacob/Desktop/App Design/Venue Finder/build/android/bin/assets/Resources/images/button_search_near.png
[TRACE] COPYING CREATED FILE: /Users/SamJacob/Desktop/App Design/Venue Finder/Resources/images/button_speak_advisor.png => /Users/SamJacob/Desktop/App Design/Venue Finder/build/android/bin/assets/Resources/images/button_speak_advisor.png
[TRACE] COPYING CREATED FILE: /Users/SamJacob/Desktop/App Design/Venue Finder/Resources/images/button_special_offers.png => /Users/SamJacob/Desktop/App Design/Venue Finder/build/android/bin/assets/Resources/images/button_special_offers.png
[TRACE] COPYING CREATED FILE: /Users/SamJacob/Desktop/App Design/Venue Finder/Resources/images/button_venue_collections.png => /Users/SamJacob/Desktop/App Design/Venue Finder/build/android/bin/assets/Resources/images/button_venue_collections.png
[TRACE] COPYING CREATED FILE: /Users/SamJacob/Desktop/App Design/Venue Finder/Resources/images/callButton.png => /Users/SamJacob/Desktop/App Design/Venue Finder/build/android/bin/assets/Resources/images/callButton.png
[TRACE] COPYING CREATED FILE: /Users/SamJacob/Desktop/App Design/Venue Finder/Resources/images/Cass1.jpg => /Users/SamJacob/Desktop/App Design/Venue Finder/build/android/bin/assets/Resources/images/Cass1.jpg
[TRACE] COPYING CREATED FILE: /Users/SamJacob/Desktop/App Design/Venue Finder/Resources/images/Chris2.jpg => /Users/SamJacob/Desktop/App Design/Venue Finder/build/android/bin/assets/Resources/images/Chris2.jpg
[TRACE] COPYING CREATED FILE: /Users/SamJacob/Desktop/App Design/Venue Finder/Resources/images/col-4starhotels.jpg => /Users/SamJacob/Desktop/App Design/Venue Finder/build/android/bin/assets/Resources/images/col-4starhotels.jpg
[TRACE] COPYING CREATED FILE: /Users/SamJacob/Desktop/App Design/Venue Finder/Resources/images/col-conference.jpg => /Users/SamJacob/Desktop/App Design/Venue Finder/build/android/bin/assets/Resources/images/col-conference.jpg
[TRACE] COPYING CREATED FILE: /Users/SamJacob/Desktop/App Design/Venue Finder/Resources/images/col-unusual.jpg => /Users/SamJacob/Desktop/App Design/Venue Finder/build/android/bin/assets/Resources/images/col-unusual.jpg
[TRACE] COPYING CREATED FILE: /Users/SamJacob/Desktop/App Design/Venue Finder/Resources/images/col-venueoffers.jpg => /Users/SamJacob/Desktop/App Design/Venue Finder/build/android/bin/assets/Resources/images/col-venueoffers.jpg
[TRACE] COPYING CREATED FILE: /Users/SamJacob/Desktop/App Design/Venue Finder/Resources/images/col-virtualtours.jpg => /Users/SamJacob/Desktop/App Design/Venue Finder/build/android/bin/assets/Resources/images/col-virtualtours.jpg
[TRACE] COPYING CREATED FILE: /Users/SamJacob/Desktop/App Design/Venue Finder/Resources/images/col-weddings.jpg => /Users/SamJacob/Desktop/App Design/Venue Finder/build/android/bin/assets/Resources/images/col-weddings.jpg
[TRACE] COPYING CREATED FILE: /Users/SamJacob/Desktop/App Design/Venue Finder/Resources/images/Dan.jpg => /Users/SamJacob/Desktop/App Design/Venue Finder/build/android/bin/assets/Resources/images/Dan.jpg
[TRACE] COPYING CREATED FILE: /Users/SamJacob/Desktop/App Design/Venue Finder/Resources/images/delete_favourite.png => /Users/SamJacob/Desktop/App Design/Venue Finder/build/android/bin/assets/Resources/images/delete_favourite.png
[TRACE] COPYING CREATED FILE: /Users/SamJacob/Desktop/App Design/Venue Finder/Resources/images/deleteButton.png => /Users/SamJacob/Desktop/App Design/Venue Finder/build/android/bin/assets/Resources/images/deleteButton.png
[TRACE] COPYING CREATED FILE: /Users/SamJacob/Desktop/App Design/Venue Finder/Resources/images/email_submit_bar.png => /Users/SamJacob/Desktop/App Design/Venue Finder/build/android/bin/assets/Resources/images/email_submit_bar.png
[TRACE] COPYING CREATED FILE: /Users/SamJacob/Desktop/App Design/Venue Finder/Resources/images/facebook.png => /Users/SamJacob/Desktop/App Design/Venue Finder/build/android/bin/assets/Resources/images/facebook.png
[TRACE] COPYING CREATED FILE: /Users/SamJacob/Desktop/App Design/Venue Finder/Resources/images/favourites.png => /Users/SamJacob/Desktop/App Design/Venue Finder/build/android/bin/assets/Resources/images/favourites.png
[TRACE] COPYING CREATED FILE: /Users/SamJacob/Desktop/App Design/Venue Finder/Resources/images/favouritesAndroid.png => /Users/SamJacob/Desktop/App Design/Venue Finder/build/android/bin/assets/Resources/images/favouritesAndroid.png
[TRACE] COPYING CREATED FILE: /Users/SamJacob/Desktop/App Design/Venue Finder/Resources/images/featuredbanner.png => /Users/SamJacob/Desktop/App Design/Venue Finder/build/android/bin/assets/Resources/images/featuredbanner.png
[TRACE] COPYING CREATED FILE: /Users/SamJacob/Desktop/App Design/Venue Finder/Resources/images/featuredbanner_big.png => /Users/SamJacob/Desktop/App Design/Venue Finder/build/android/bin/assets/Resources/images/featuredbanner_big.png
[TRACE] COPYING CREATED FILE: /Users/SamJacob/Desktop/App Design/Venue Finder/Resources/images/free_listing.png => /Users/SamJacob/Desktop/App Design/Venue Finder/build/android/bin/assets/Resources/images/free_listing.png
[TRACE] COPYING CREATED FILE: /Users/SamJacob/Desktop/App Design/Venue Finder/Resources/images/geolocate.png => /Users/SamJacob/Desktop/App Design/Venue Finder/build/android/bin/assets/Resources/images/geolocate.png
[TRACE] COPYING CREATED FILE: /Users/SamJacob/Desktop/App Design/Venue Finder/Resources/images/greenPin.png => /Users/SamJacob/Desktop/App Design/Venue Finder/build/android/bin/assets/Resources/images/greenPin.png
[TRACE] COPYING CREATED FILE: /Users/SamJacob/Desktop/App Design/Venue Finder/Resources/images/has_access.png => /Users/SamJacob/Desktop/App Design/Venue Finder/build/android/bin/assets/Resources/images/has_access.png
[TRACE] COPYING CREATED FILE: /Users/SamJacob/Desktop/App Design/Venue Finder/Resources/images/has_bedrooms.png => /Users/SamJacob/Desktop/App Design/Venue Finder/build/android/bin/assets/Resources/images/has_bedrooms.png
[TRACE] COPYING CREATED FILE: /Users/SamJacob/Desktop/App Design/Venue Finder/Resources/images/has_offers.png => /Users/SamJacob/Desktop/App Design/Venue Finder/build/android/bin/assets/Resources/images/has_offers.png
[TRACE] COPYING CREATED FILE: /Users/SamJacob/Desktop/App Design/Venue Finder/Resources/images/Helen.jpg => /Users/SamJacob/Desktop/App Design/Venue Finder/build/android/bin/assets/Resources/images/Helen.jpg
[TRACE] COPYING CREATED FILE: /Users/SamJacob/Desktop/App Design/Venue Finder/Resources/images/icon.png => /Users/SamJacob/Desktop/App Design/Venue Finder/build/android/bin/assets/Resources/images/icon.png
[TRACE] COPYING CREATED FILE: /Users/SamJacob/Desktop/App Design/Venue Finder/Resources/images/imageBanner.png => /Users/SamJacob/Desktop/App Design/Venue Finder/build/android/bin/assets/Resources/images/imageBanner.png
[TRACE] COPYING CREATED FILE: /Users/SamJacob/Desktop/App Design/Venue Finder/Resources/images/imageBannerLeft.png => /Users/SamJacob/Desktop/App Design/Venue Finder/build/android/bin/assets/Resources/images/imageBannerLeft.png
[TRACE] COPYING CREATED FILE: /Users/SamJacob/Desktop/App Design/Venue Finder/Resources/images/imageBannerRight.png => /Users/SamJacob/Desktop/App Design/Venue Finder/build/android/bin/assets/Resources/images/imageBannerRight.png
[TRACE] COPYING CREATED FILE: /Users/SamJacob/Desktop/App Design/Venue Finder/Resources/images/Jo[1].jpg => /Users/SamJacob/Desktop/App Design/Venue Finder/build/android/bin/assets/Resources/images/Jo[1].jpg
[TRACE] COPYING CREATED FILE: /Users/SamJacob/Desktop/App Design/Venue Finder/Resources/images/kate-hewitt.jpg => /Users/SamJacob/Desktop/App Design/Venue Finder/build/android/bin/assets/Resources/images/kate-hewitt.jpg
[TRACE] COPYING CREATED FILE: /Users/SamJacob/Desktop/App Design/Venue Finder/Resources/images/Kris Revised.jpg => /Users/SamJacob/Desktop/App Design/Venue Finder/build/android/bin/assets/Resources/images/Kris Revised.jpg
[TRACE] COPYING CREATED FILE: /Users/SamJacob/Desktop/App Design/Venue Finder/Resources/images/LeeAnne.jpg => /Users/SamJacob/Desktop/App Design/Venue Finder/build/android/bin/assets/Resources/images/LeeAnne.jpg
[TRACE] COPYING CREATED FILE: /Users/SamJacob/Desktop/App Design/Venue Finder/Resources/images/linkedin.png => /Users/SamJacob/Desktop/App Design/Venue Finder/build/android/bin/assets/Resources/images/linkedin.png
[TRACE] COPYING CREATED FILE: /Users/SamJacob/Desktop/App Design/Venue Finder/Resources/images/listing_book.png => /Users/SamJacob/Desktop/App Design/Venue Finder/build/android/bin/assets/Resources/images/listing_book.png
[TRACE] COPYING CREATED FILE: /Users/SamJacob/Desktop/App Design/Venue Finder/Resources/images/listing_book_nctv.png => /Users/SamJacob/Desktop/App Design/Venue Finder/build/android/bin/assets/Resources/images/listing_book_nctv.png
[TRACE] COPYING CREATED FILE: /Users/SamJacob/Desktop/App Design/Venue Finder/Resources/images/listing_call.png => /Users/SamJacob/Desktop/App Design/Venue Finder/build/android/bin/assets/Resources/images/listing_call.png
[TRACE] COPYING CREATED FILE: /Users/SamJacob/Desktop/App Design/Venue Finder/Resources/images/listing_call_nctv.png => /Users/SamJacob/Desktop/App Design/Venue Finder/build/android/bin/assets/Resources/images/listing_call_nctv.png
[TRACE] COPYING CREATED FILE: /Users/SamJacob/Desktop/App Design/Venue Finder/Resources/images/listing_description.png => /Users/SamJacob/Desktop/App Design/Venue Finder/build/android/bin/assets/Resources/images/listing_description.png
[TRACE] COPYING CREATED FILE: /Users/SamJacob/Desktop/App Design/Venue Finder/Resources/images/listing_description_nctv.png => /Users/SamJacob/Desktop/App Design/Venue Finder/build/android/bin/assets/Resources/images/listing_description_nctv.png
[TRACE] COPYING CREATED FILE: /Users/SamJacob/Desktop/App Design/Venue Finder/Resources/images/listing_offers.png => /Users/SamJacob/Desktop/App Design/Venue Finder/build/android/bin/assets/Resources/images/listing_offers.png
[TRACE] COPYING CREATED FILE: /Users/SamJacob/Desktop/App Design/Venue Finder/Resources/images/listing_offers_nctv.png => /Users/SamJacob/Desktop/App Design/Venue Finder/build/android/bin/assets/Resources/images/listing_offers_nctv.png
[TRACE] COPYING CREATED FILE: /Users/SamJacob/Desktop/App Design/Venue Finder/Resources/images/Liz.jpg => /Users/SamJacob/Desktop/App Design/Venue Finder/build/android/bin/assets/Resources/images/Liz.jpg
[TRACE] COPYING CREATED FILE: /Users/SamJacob/Desktop/App Design/Venue Finder/Resources/images/loading_page.png => /Users/SamJacob/Desktop/App Design/Venue Finder/build/android/bin/assets/Resources/images/loading_page.png
[TRACE] COPYING CREATED FILE: /Users/SamJacob/Desktop/App Design/Venue Finder/Resources/images/LoadingScreen.jpg => /Users/SamJacob/Desktop/App Design/Venue Finder/build/android/bin/assets/Resources/images/LoadingScreen.jpg
[TRACE] COPYING CREATED FILE: /Users/SamJacob/Desktop/App Design/Venue Finder/Resources/images/logo.png => /Users/SamJacob/Desktop/App Design/Venue Finder/build/android/bin/assets/Resources/images/logo.png
[TRACE] COPYING CREATED FILE: /Users/SamJacob/Desktop/App Design/Venue Finder/Resources/images/logoIpad.png => /Users/SamJacob/Desktop/App Design/Venue Finder/build/android/bin/assets/Resources/images/logoIpad.png
[TRACE] COPYING CREATED FILE: /Users/SamJacob/Desktop/App Design/Venue Finder/Resources/images/map.png => /Users/SamJacob/Desktop/App Design/Venue Finder/build/android/bin/assets/Resources/images/map.png
[TRACE] COPYING CREATED FILE: /Users/SamJacob/Desktop/App Design/Venue Finder/Resources/images/map_key copy.png => /Users/SamJacob/Desktop/App Design/Venue Finder/build/android/bin/assets/Resources/images/map_key copy.png
[TRACE] COPYING CREATED FILE: /Users/SamJacob/Desktop/App Design/Venue Finder/Resources/images/map_key.png => /Users/SamJacob/Desktop/App Design/Venue Finder/build/android/bin/assets/Resources/images/map_key.png
[TRACE] COPYING CREATED FILE: /Users/SamJacob/Desktop/App Design/Venue Finder/Resources/images/mapAndroid.png => /Users/SamJacob/Desktop/App Design/Venue Finder/build/android/bin/assets/Resources/images/mapAndroid.png
[TRACE] COPYING CREATED FILE: /Users/SamJacob/Desktop/App Design/Venue Finder/Resources/images/mapkey.png => /Users/SamJacob/Desktop/App Design/Venue Finder/build/android/bin/assets/Resources/images/mapkey.png
[TRACE] COPYING CREATED FILE: /Users/SamJacob/Desktop/App Design/Venue Finder/Resources/images/Maria[1].jpg => /Users/SamJacob/Desktop/App Design/Venue Finder/build/android/bin/assets/Resources/images/Maria[1].jpg
[TRACE] COPYING CREATED FILE: /Users/SamJacob/Desktop/App Design/Venue Finder/Resources/images/Me.JPG => /Users/SamJacob/Desktop/App Design/Venue Finder/build/android/bin/assets/Resources/images/Me.JPG
[TRACE] COPYING CREATED FILE: /Users/SamJacob/Desktop/App Design/Venue Finder/Resources/images/media.png => /Users/SamJacob/Desktop/App Design/Venue Finder/build/android/bin/assets/Resources/images/media.png
[TRACE] COPYING CREATED FILE: /Users/SamJacob/Desktop/App Design/Venue Finder/Resources/images/media_tours.png => /Users/SamJacob/Desktop/App Design/Venue Finder/build/android/bin/assets/Resources/images/media_tours.png
[TRACE] COPYING CREATED FILE: /Users/SamJacob/Desktop/App Design/Venue Finder/Resources/images/media_videos.png => /Users/SamJacob/Desktop/App Design/Venue Finder/build/android/bin/assets/Resources/images/media_videos.png
[TRACE] COPYING CREATED FILE: /Users/SamJacob/Desktop/App Design/Venue Finder/Resources/images/mediaAndroid.png => /Users/SamJacob/Desktop/App Design/Venue Finder/build/android/bin/assets/Resources/images/mediaAndroid.png
[TRACE] COPYING CREATED FILE: /Users/SamJacob/Desktop/App Design/Venue Finder/Resources/images/meeting_rooms.png => /Users/SamJacob/Desktop/App Design/Venue Finder/build/android/bin/assets/Resources/images/meeting_rooms.png
[TRACE] COPYING CREATED FILE: /Users/SamJacob/Desktop/App Design/Venue Finder/Resources/images/meeting_rooms_ns.png => /Users/SamJacob/Desktop/App Design/Venue Finder/build/android/bin/assets/Resources/images/meeting_rooms_ns.png
[TRACE] COPYING CREATED FILE: /Users/SamJacob/Desktop/App Design/Venue Finder/Resources/images/meeting_rooms_s.png => /Users/SamJacob/Desktop/App Design/Venue Finder/build/android/bin/assets/Resources/images/meeting_rooms_s.png
[TRACE] COPYING CREATED FILE: /Users/SamJacob/Desktop/App Design/Venue Finder/Resources/images/Melissa.jpg => /Users/SamJacob/Desktop/App Design/Venue Finder/build/android/bin/assets/Resources/images/Melissa.jpg
[TRACE] COPYING CREATED FILE: /Users/SamJacob/Desktop/App Design/Venue Finder/Resources/images/menubox.png => /Users/SamJacob/Desktop/App Design/Venue Finder/build/android/bin/assets/Resources/images/menubox.png
[TRACE] COPYING CREATED FILE: /Users/SamJacob/Desktop/App Design/Venue Finder/Resources/images/moreButton.png => /Users/SamJacob/Desktop/App Design/Venue Finder/build/android/bin/assets/Resources/images/moreButton.png
[TRACE] COPYING CREATED FILE: /Users/SamJacob/Desktop/App Design/Venue Finder/Resources/images/offerbanner.png => /Users/SamJacob/Desktop/App Design/Venue Finder/build/android/bin/assets/Resources/images/offerbanner.png
[TRACE] COPYING CREATED FILE: /Users/SamJacob/Desktop/App Design/Venue Finder/Resources/images/offerbanner_big.png => /Users/SamJacob/Desktop/App Design/Venue Finder/build/android/bin/assets/Resources/images/offerbanner_big.png
[TRACE] COPYING CREATED FILE: /Users/SamJacob/Desktop/App Design/Venue Finder/Resources/images/offers.png => /Users/SamJacob/Desktop/App Design/Venue Finder/build/android/bin/assets/Resources/images/offers.png
[TRACE] COPYING CREATED FILE: /Users/SamJacob/Desktop/App Design/Venue Finder/Resources/images/offers_near_me.png => /Users/SamJacob/Desktop/App Design/Venue Finder/build/android/bin/assets/Resources/images/offers_near_me.png
[TRACE] COPYING CREATED FILE: /Users/SamJacob/Desktop/App Design/Venue Finder/Resources/images/offersAndroid.png => /Users/SamJacob/Desktop/App Design/Venue Finder/build/android/bin/assets/Resources/images/offersAndroid.png
[TRACE] COPYING CREATED FILE: /Users/SamJacob/Desktop/App Design/Venue Finder/Resources/images/paid_listing.png => /Users/SamJacob/Desktop/App Design/Venue Finder/build/android/bin/assets/Resources/images/paid_listing.png
[TRACE] COPYING CREATED FILE: /Users/SamJacob/Desktop/App Design/Venue Finder/Resources/images/Pam.jpg => /Users/SamJacob/Desktop/App Design/Venue Finder/build/android/bin/assets/Resources/images/Pam.jpg
[TRACE] COPYING CREATED FILE: /Users/SamJacob/Desktop/App Design/Venue Finder/Resources/images/photos_media.png => /Users/SamJacob/Desktop/App Design/Venue Finder/build/android/bin/assets/Resources/images/photos_media.png
[TRACE] COPYING CREATED FILE: /Users/SamJacob/Desktop/App Design/Venue Finder/Resources/images/photos_media_ns.png => /Users/SamJacob/Desktop/App Design/Venue Finder/build/android/bin/assets/Resources/images/photos_media_ns.png
[TRACE] COPYING CREATED FILE: /Users/SamJacob/Desktop/App Design/Venue Finder/Resources/images/photos_media_s.png => /Users/SamJacob/Desktop/App Design/Venue Finder/build/android/bin/assets/Resources/images/photos_media_s.png
[TRACE] COPYING CREATED FILE: /Users/SamJacob/Desktop/App Design/Venue Finder/Resources/images/play_video.png => /Users/SamJacob/Desktop/App Design/Venue Finder/build/android/bin/assets/Resources/images/play_video.png
[TRACE] COPYING CREATED FILE: /Users/SamJacob/Desktop/App Design/Venue Finder/Resources/images/playButton.png => /Users/SamJacob/Desktop/App Design/Venue Finder/build/android/bin/assets/Resources/images/playButton.png
[TRACE] COPYING CREATED FILE: /Users/SamJacob/Desktop/App Design/Venue Finder/Resources/images/rateButton.png => /Users/SamJacob/Desktop/App Design/Venue Finder/build/android/bin/assets/Resources/images/rateButton.png
[TRACE] COPYING CREATED FILE: /Users/SamJacob/Desktop/App Design/Venue Finder/Resources/images/redPin.png => /Users/SamJacob/Desktop/App Design/Venue Finder/build/android/bin/assets/Resources/images/redPin.png
[TRACE] COPYING CREATED FILE: /Users/SamJacob/Desktop/App Design/Venue Finder/Resources/images/right_arrow.png => /Users/SamJacob/Desktop/App Design/Venue Finder/build/android/bin/assets/Resources/images/right_arrow.png
[TRACE] COPYING CREATED FILE: /Users/SamJacob/Desktop/App Design/Venue Finder/Resources/images/search.png => /Users/SamJacob/Desktop/App Design/Venue Finder/build/android/bin/assets/Resources/images/search.png
[TRACE] COPYING CREATED FILE: /Users/SamJacob/Desktop/App Design/Venue Finder/Resources/images/searchAndroid.png => /Users/SamJacob/Desktop/App Design/Venue Finder/build/android/bin/assets/Resources/images/searchAndroid.png
[TRACE] COPYING CREATED FILE: /Users/SamJacob/Desktop/App Design/Venue Finder/Resources/images/searchIcon.png => /Users/SamJacob/Desktop/App Design/Venue Finder/build/android/bin/assets/Resources/images/searchIcon.png
[TRACE] COPYING CREATED FILE: /Users/SamJacob/Desktop/App Design/Venue Finder/Resources/images/send_bar.png => /Users/SamJacob/Desktop/App Design/Venue Finder/build/android/bin/assets/Resources/images/send_bar.png
[TRACE] COPYING CREATED FILE: /Users/SamJacob/Desktop/App Design/Venue Finder/Resources/images/send_bar_single.png => /Users/SamJacob/Desktop/App Design/Venue Finder/build/android/bin/assets/Resources/images/send_bar_single.png
[TRACE] COPYING CREATED FILE: /Users/SamJacob/Desktop/App Design/Venue Finder/Resources/images/shadow_overlay.png => /Users/SamJacob/Desktop/App Design/Venue Finder/build/android/bin/assets/Resources/images/shadow_overlay.png
[TRACE] COPYING CREATED FILE: /Users/SamJacob/Desktop/App Design/Venue Finder/Resources/images/Shani.jpg => /Users/SamJacob/Desktop/App Design/Venue Finder/build/android/bin/assets/Resources/images/Shani.jpg
[TRACE] COPYING CREATED FILE: /Users/SamJacob/Desktop/App Design/Venue Finder/Resources/images/share_all_button.png => /Users/SamJacob/Desktop/App Design/Venue Finder/build/android/bin/assets/Resources/images/share_all_button.png
[TRACE] COPYING CREATED FILE: /Users/SamJacob/Desktop/App Design/Venue Finder/Resources/images/share_button.png => /Users/SamJacob/Desktop/App Design/Venue Finder/build/android/bin/assets/Resources/images/share_button.png
[TRACE] COPYING CREATED FILE: /Users/SamJacob/Desktop/App Design/Venue Finder/Resources/images/share_this_venue.png => /Users/SamJacob/Desktop/App Design/Venue Finder/build/android/bin/assets/Resources/images/share_this_venue.png
[TRACE] COPYING CREATED FILE: /Users/SamJacob/Desktop/App Design/Venue Finder/Resources/images/show_all_offers.png => /Users/SamJacob/Desktop/App Design/Venue Finder/build/android/bin/assets/Resources/images/show_all_offers.png
[TRACE] COPYING CREATED FILE: /Users/SamJacob/Desktop/App Design/Venue Finder/Resources/images/show_on_map.png => /Users/SamJacob/Desktop/App Design/Venue Finder/build/android/bin/assets/Resources/images/show_on_map.png
[TRACE] COPYING CREATED FILE: /Users/SamJacob/Desktop/App Design/Venue Finder/Resources/images/show_on_map_ns.png => /Users/SamJacob/Desktop/App Design/Venue Finder/build/android/bin/assets/Resources/images/show_on_map_ns.png
[TRACE] COPYING CREATED FILE: /Users/SamJacob/Desktop/App Design/Venue Finder/Resources/images/small_icon.png => /Users/SamJacob/Desktop/App Design/Venue Finder/build/android/bin/assets/Resources/images/small_icon.png
[TRACE] COPYING CREATED FILE: /Users/SamJacob/Desktop/App Design/Venue Finder/Resources/images/socialflag.png => /Users/SamJacob/Desktop/App Design/Venue Finder/build/android/bin/assets/Resources/images/socialflag.png
[TRACE] COPYING CREATED FILE: /Users/SamJacob/Desktop/App Design/Venue Finder/Resources/images/special_offers.png => /Users/SamJacob/Desktop/App Design/Venue Finder/build/android/bin/assets/Resources/images/special_offers.png
[TRACE] COPYING CREATED FILE: /Users/SamJacob/Desktop/App Design/Venue Finder/Resources/images/special_offers_ns.png => /Users/SamJacob/Desktop/App Design/Venue Finder/build/android/bin/assets/Resources/images/special_offers_ns.png
[TRACE] COPYING CREATED FILE: /Users/SamJacob/Desktop/App Design/Venue Finder/Resources/images/special_offers_s.png => /Users/SamJacob/Desktop/App Design/Venue Finder/build/android/bin/assets/Resources/images/special_offers_s.png
[TRACE] COPYING CREATED FILE: /Users/SamJacob/Desktop/App Design/Venue Finder/Resources/images/splash_page.png => /Users/SamJacob/Desktop/App Design/Venue Finder/build/android/bin/assets/Resources/images/splash_page.png
[TRACE] COPYING CREATED FILE: /Users/SamJacob/Desktop/App Design/Venue Finder/Resources/images/submit_bar.png => /Users/SamJacob/Desktop/App Design/Venue Finder/build/android/bin/assets/Resources/images/submit_bar.png
[TRACE] COPYING CREATED FILE: /Users/SamJacob/Desktop/App Design/Venue Finder/Resources/images/submit_bar_single.png => /Users/SamJacob/Desktop/App Design/Venue Finder/build/android/bin/assets/Resources/images/submit_bar_single.png
[TRACE] COPYING CREATED FILE: /Users/SamJacob/Desktop/App Design/Venue Finder/Resources/images/tab1_ipad.png => /Users/SamJacob/Desktop/App Design/Venue Finder/build/android/bin/assets/Resources/images/tab1_ipad.png
[TRACE] COPYING CREATED FILE: /Users/SamJacob/Desktop/App Design/Venue Finder/Resources/images/tab1_ipad_ns.png => /Users/SamJacob/Desktop/App Design/Venue Finder/build/android/bin/assets/Resources/images/tab1_ipad_ns.png
[TRACE] COPYING CREATED FILE: /Users/SamJacob/Desktop/App Design/Venue Finder/Resources/images/tab1_ipad_s.png => /Users/SamJacob/Desktop/App Design/Venue Finder/build/android/bin/assets/Resources/images/tab1_ipad_s.png
[TRACE] COPYING CREATED FILE: /Users/SamJacob/Desktop/App Design/Venue Finder/Resources/images/tab2_ipad.png => /Users/SamJacob/Desktop/App Design/Venue Finder/build/android/bin/assets/Resources/images/tab2_ipad.png
[TRACE] COPYING CREATED FILE: /Users/SamJacob/Desktop/App Design/Venue Finder/Resources/images/tab2_ipad_ns.png => /Users/SamJacob/Desktop/App Design/Venue Finder/build/android/bin/assets/Resources/images/tab2_ipad_ns.png
[TRACE] COPYING CREATED FILE: /Users/SamJacob/Desktop/App Design/Venue Finder/Resources/images/tab2_ipad_s.png => /Users/SamJacob/Desktop/App Design/Venue Finder/build/android/bin/assets/Resources/images/tab2_ipad_s.png
[TRACE] COPYING CREATED FILE: /Users/SamJacob/Desktop/App Design/Venue Finder/Resources/images/tab3_ipad.png => /Users/SamJacob/Desktop/App Design/Venue Finder/build/android/bin/assets/Resources/images/tab3_ipad.png
[TRACE] COPYING CREATED FILE: /Users/SamJacob/Desktop/App Design/Venue Finder/Resources/images/tab3_ipad_ns.png => /Users/SamJacob/Desktop/App Design/Venue Finder/build/android/bin/assets/Resources/images/tab3_ipad_ns.png
[TRACE] COPYING CREATED FILE: /Users/SamJacob/Desktop/App Design/Venue Finder/Resources/images/tab3_ipad_s.png => /Users/SamJacob/Desktop/App Design/Venue Finder/build/android/bin/assets/Resources/images/tab3_ipad_s.png
[TRACE] COPYING CREATED FILE: /Users/SamJacob/Desktop/App Design/Venue Finder/Resources/images/tab4_ipad.png => /Users/SamJacob/Desktop/App Design/Venue Finder/build/android/bin/assets/Resources/images/tab4_ipad.png
[TRACE] COPYING CREATED FILE: /Users/SamJacob/Desktop/App Design/Venue Finder/Resources/images/tab4_ipad_ns.png => /Users/SamJacob/Desktop/App Design/Venue Finder/build/android/bin/assets/Resources/images/tab4_ipad_ns.png
[TRACE] COPYING CREATED FILE: /Users/SamJacob/Desktop/App Design/Venue Finder/Resources/images/tab4_ipad_s.png => /Users/SamJacob/Desktop/App Design/Venue Finder/build/android/bin/assets/Resources/images/tab4_ipad_s.png
[TRACE] COPYING CREATED FILE: /Users/SamJacob/Desktop/App Design/Venue Finder/Resources/images/tab5_ipad.png => /Users/SamJacob/Desktop/App Design/Venue Finder/build/android/bin/assets/Resources/images/tab5_ipad.png
[TRACE] COPYING CREATED FILE: /Users/SamJacob/Desktop/App Design/Venue Finder/Resources/images/tab5_ipad_ns.png => /Users/SamJacob/Desktop/App Design/Venue Finder/build/android/bin/assets/Resources/images/tab5_ipad_ns.png
[TRACE] COPYING CREATED FILE: /Users/SamJacob/Desktop/App Design/Venue Finder/Resources/images/tab5_ipad_s.png => /Users/SamJacob/Desktop/App Design/Venue Finder/build/android/bin/assets/Resources/images/tab5_ipad_s.png
[TRACE] COPYING CREATED FILE: /Users/SamJacob/Desktop/App Design/Venue Finder/Resources/images/tab_edit.png => /Users/SamJacob/Desktop/App Design/Venue Finder/build/android/bin/assets/Resources/images/tab_edit.png
[TRACE] COPYING CREATED FILE: /Users/SamJacob/Desktop/App Design/Venue Finder/Resources/images/tab_list.png => /Users/SamJacob/Desktop/App Design/Venue Finder/build/android/bin/assets/Resources/images/tab_list.png
[TRACE] COPYING CREATED FILE: /Users/SamJacob/Desktop/App Design/Venue Finder/Resources/images/tab_share.png => /Users/SamJacob/Desktop/App Design/Venue Finder/build/android/bin/assets/Resources/images/tab_share.png
[TRACE] COPYING CREATED FILE: /Users/SamJacob/Desktop/App Design/Venue Finder/Resources/images/tab_sort.png => /Users/SamJacob/Desktop/App Design/Venue Finder/build/android/bin/assets/Resources/images/tab_sort.png
[TRACE] COPYING CREATED FILE: /Users/SamJacob/Desktop/App Design/Venue Finder/Resources/images/Toni Walsh.jpg => /Users/SamJacob/Desktop/App Design/Venue Finder/build/android/bin/assets/Resources/images/Toni Walsh.jpg
[TRACE] COPYING CREATED FILE: /Users/SamJacob/Desktop/App Design/Venue Finder/Resources/images/twitter.png => /Users/SamJacob/Desktop/App Design/Venue Finder/build/android/bin/assets/Resources/images/twitter.png
[TRACE] COPYING CREATED FILE: /Users/SamJacob/Desktop/App Design/Venue Finder/Resources/images/update.png => /Users/SamJacob/Desktop/App Design/Venue Finder/build/android/bin/assets/Resources/images/update.png
[TRACE] COPYING CREATED FILE: /Users/SamJacob/Desktop/App Design/Venue Finder/Resources/images/update_offers.png => /Users/SamJacob/Desktop/App Design/Venue Finder/build/android/bin/assets/Resources/images/update_offers.png
[TRACE] COPYING CREATED FILE: /Users/SamJacob/Desktop/App Design/Venue Finder/Resources/images/venue_advice.png => /Users/SamJacob/Desktop/App Design/Venue Finder/build/android/bin/assets/Resources/images/venue_advice.png
[TRACE] COPYING CREATED FILE: /Users/SamJacob/Desktop/App Design/Venue Finder/Resources/images/venue_facilities.png => /Users/SamJacob/Desktop/App Design/Venue Finder/build/android/bin/assets/Resources/images/venue_facilities.png
[TRACE] COPYING CREATED FILE: /Users/SamJacob/Desktop/App Design/Venue Finder/Resources/images/venue_facilities_ns.png => /Users/SamJacob/Desktop/App Design/Venue Finder/build/android/bin/assets/Resources/images/venue_facilities_ns.png
[TRACE] COPYING CREATED FILE: /Users/SamJacob/Desktop/App Design/Venue Finder/Resources/images/venue_facilities_s.png => /Users/SamJacob/Desktop/App Design/Venue Finder/build/android/bin/assets/Resources/images/venue_facilities_s.png
[TRACE] COPYING CREATED FILE: /Users/SamJacob/Desktop/App Design/Venue Finder/Resources/images/venue_info.png => /Users/SamJacob/Desktop/App Design/Venue Finder/build/android/bin/assets/Resources/images/venue_info.png
[TRACE] COPYING CREATED FILE: /Users/SamJacob/Desktop/App Design/Venue Finder/Resources/images/venue_info_ns.png => /Users/SamJacob/Desktop/App Design/Venue Finder/build/android/bin/assets/Resources/images/venue_info_ns.png
[TRACE] COPYING CREATED FILE: /Users/SamJacob/Desktop/App Design/Venue Finder/Resources/images/venue_info_s.png => /Users/SamJacob/Desktop/App Design/Venue Finder/build/android/bin/assets/Resources/images/venue_info_s.png
[TRACE] COPYING CREATED FILE: /Users/SamJacob/Desktop/App Design/Venue Finder/Resources/images/venues_near_me.png => /Users/SamJacob/Desktop/App Design/Venue Finder/build/android/bin/assets/Resources/images/venues_near_me.png
[TRACE] COPYING CREATED FILE: /Users/SamJacob/Desktop/App Design/Venue Finder/Resources/images/Vicki Peerless2.jpg => /Users/SamJacob/Desktop/App Design/Venue Finder/build/android/bin/assets/Resources/images/Vicki Peerless2.jpg
[TRACE] COPYING CREATED FILE: /Users/SamJacob/Desktop/App Design/Venue Finder/Resources/images/videobanner.png => /Users/SamJacob/Desktop/App Design/Venue Finder/build/android/bin/assets/Resources/images/videobanner.png
[TRACE] COPYING CREATED FILE: /Users/SamJacob/Desktop/App Design/Venue Finder/Resources/images/white_mask.png => /Users/SamJacob/Desktop/App Design/Venue Finder/build/android/bin/assets/Resources/images/white_mask.png
[TRACE] COPYING CREATED FILE: /Users/SamJacob/Desktop/App Design/Venue Finder/Resources/images/whiteSearch.png => /Users/SamJacob/Desktop/App Design/Venue Finder/build/android/bin/assets/Resources/images/whiteSearch.png
[TRACE] COPYING CREATED FILE: /Users/SamJacob/Desktop/App Design/Venue Finder/Resources/images/Zoe.jpg => /Users/SamJacob/Desktop/App Design/Venue Finder/build/android/bin/assets/Resources/images/Zoe.jpg
[TRACE] COPYING CREATED FILE: /Users/SamJacob/Desktop/App Design/Venue Finder/Resources/offers.db => /Users/SamJacob/Desktop/App Design/Venue Finder/build/android/bin/assets/Resources/offers.db
[TRACE] COPYING CREATED FILE: /Users/SamJacob/Desktop/App Design/Venue Finder/Resources/s_code.js => /Users/SamJacob/Desktop/App Design/Venue Finder/build/android/bin/assets/Resources/s_code.js
[TRACE] COPYING CREATED FILE: /Users/SamJacob/Desktop/App Design/Venue Finder/Resources/specialoffers.db => /Users/SamJacob/Desktop/App Design/Venue Finder/build/android/bin/assets/Resources/specialoffers.db
[TRACE] COPYING CREATED FILE: /Users/SamJacob/Desktop/App Design/Venue Finder/Resources/SpryAssets/SpryCollapsiblePanel.css => /Users/SamJacob/Desktop/App Design/Venue Finder/build/android/bin/assets/Resources/SpryAssets/SpryCollapsiblePanel.css
[TRACE] COPYING CREATED FILE: /Users/SamJacob/Desktop/App Design/Venue Finder/Resources/SpryAssets/SpryCollapsiblePanel.js => /Users/SamJacob/Desktop/App Design/Venue Finder/build/android/bin/assets/Resources/SpryAssets/SpryCollapsiblePanel.js
[TRACE] COPYING CREATED FILE: /Users/SamJacob/Desktop/App Design/Venue Finder/Resources/SpryAssets/SpryCollapsiblePaneliPad.css => /Users/SamJacob/Desktop/App Design/Venue Finder/build/android/bin/assets/Resources/SpryAssets/SpryCollapsiblePaneliPad.css
[TRACE] COPYING CREATED FILE: /Users/SamJacob/Desktop/App Design/Venue Finder/Resources/text.html => /Users/SamJacob/Desktop/App Design/Venue Finder/build/android/bin/assets/Resources/text.html
[TRACE] COPYING CREATED FILE: /Users/SamJacob/Desktop/App Design/Venue Finder/Resources/text_iPad.html => /Users/SamJacob/Desktop/App Design/Venue Finder/build/android/bin/assets/Resources/text_iPad.html
[TRACE] COPYING CREATED FILE: /Users/SamJacob/Desktop/App Design/Venue Finder/Resources/update.db => /Users/SamJacob/Desktop/App Design/Venue Finder/build/android/bin/assets/Resources/update.db
[TRACE] COPYING CREATED FILE: /Users/SamJacob/Desktop/App Design/Venue Finder/Resources/venuefinder.db => /Users/SamJacob/Desktop/App Design/Venue Finder/build/android/bin/assets/Resources/venuefinder.db
[TRACE] COPYING CREATED FILE: /Users/SamJacob/Desktop/App Design/Venue Finder/Resources/views/children/azDirectory.js => /Users/SamJacob/Desktop/App Design/Venue Finder/build/android/bin/assets/Resources/views/children/azDirectory.js
[TRACE] COPYING CREATED FILE: /Users/SamJacob/Desktop/App Design/Venue Finder/Resources/views/children/featuredListing.js => /Users/SamJacob/Desktop/App Design/Venue Finder/build/android/bin/assets/Resources/views/children/featuredListing.js
[TRACE] COPYING CREATED FILE: /Users/SamJacob/Desktop/App Design/Venue Finder/Resources/views/children/listingElements/createFacilitiesTab.js => /Users/SamJacob/Desktop/App Design/Venue Finder/build/android/bin/assets/Resources/views/children/listingElements/createFacilitiesTab.js
[TRACE] COPYING CREATED FILE: /Users/SamJacob/Desktop/App Design/Venue Finder/Resources/views/children/listingElements/createHeaderElements.js => /Users/SamJacob/Desktop/App Design/Venue Finder/build/android/bin/assets/Resources/views/children/listingElements/createHeaderElements.js
[TRACE] COPYING CREATED FILE: /Users/SamJacob/Desktop/App Design/Venue Finder/Resources/views/children/listingElements/createHeaderScroll.js => /Users/SamJacob/Desktop/App Design/Venue Finder/build/android/bin/assets/Resources/views/children/listingElements/createHeaderScroll.js
[TRACE] COPYING CREATED FILE: /Users/SamJacob/Desktop/App Design/Venue Finder/Resources/views/children/listingElements/createInfoTab.js => /Users/SamJacob/Desktop/App Design/Venue Finder/build/android/bin/assets/Resources/views/children/listingElements/createInfoTab.js
[TRACE] COPYING CREATED FILE: /Users/SamJacob/Desktop/App Design/Venue Finder/Resources/views/children/listingElements/createMediaTab.js => /Users/SamJacob/Desktop/App Design/Venue Finder/build/android/bin/assets/Resources/views/children/listingElements/createMediaTab.js
[TRACE] COPYING CREATED FILE: /Users/SamJacob/Desktop/App Design/Venue Finder/Resources/views/children/listingElements/createOffersTab.js => /Users/SamJacob/Desktop/App Design/Venue Finder/build/android/bin/assets/Resources/views/children/listingElements/createOffersTab.js
[TRACE] COPYING CREATED FILE: /Users/SamJacob/Desktop/App Design/Venue Finder/Resources/views/children/listingElements/createRoomsTab.js => /Users/SamJacob/Desktop/App Design/Venue Finder/build/android/bin/assets/Resources/views/children/listingElements/createRoomsTab.js
[TRACE] COPYING CREATED FILE: /Users/SamJacob/Desktop/App Design/Venue Finder/Resources/views/children/listingElements/createTabs.js => /Users/SamJacob/Desktop/App Design/Venue Finder/build/android/bin/assets/Resources/views/children/listingElements/createTabs.js
[TRACE] COPYING CREATED FILE: /Users/SamJacob/Desktop/App Design/Venue Finder/Resources/views/children/quickSearch.js => /Users/SamJacob/Desktop/App Design/Venue Finder/build/android/bin/assets/Resources/views/children/quickSearch.js
[TRACE] COPYING CREATED FILE: /Users/SamJacob/Desktop/App Design/Venue Finder/Resources/views/children/searchLocation.js => /Users/SamJacob/Desktop/App Design/Venue Finder/build/android/bin/assets/Resources/views/children/searchLocation.js
[TRACE] COPYING CREATED FILE: /Users/SamJacob/Desktop/App Design/Venue Finder/Resources/views/children/specialOffers.js => /Users/SamJacob/Desktop/App Design/Venue Finder/build/android/bin/assets/Resources/views/children/specialOffers.js
[TRACE] COPYING CREATED FILE: /Users/SamJacob/Desktop/App Design/Venue Finder/Resources/views/children/venueCollections.js => /Users/SamJacob/Desktop/App Design/Venue Finder/build/android/bin/assets/Resources/views/children/venueCollections.js
[TRACE] COPYING CREATED FILE: /Users/SamJacob/Desktop/App Design/Venue Finder/Resources/views/children/venueFindingService.js => /Users/SamJacob/Desktop/App Design/Venue Finder/build/android/bin/assets/Resources/views/children/venueFindingService.js
[TRACE] COPYING CREATED FILE: /Users/SamJacob/Desktop/App Design/Venue Finder/Resources/views/favouritesView.js => /Users/SamJacob/Desktop/App Design/Venue Finder/build/android/bin/assets/Resources/views/favouritesView.js
[TRACE] COPYING CREATED FILE: /Users/SamJacob/Desktop/App Design/Venue Finder/Resources/views/mapView.js => /Users/SamJacob/Desktop/App Design/Venue Finder/build/android/bin/assets/Resources/views/mapView.js
[TRACE] COPYING CREATED FILE: /Users/SamJacob/Desktop/App Design/Venue Finder/Resources/views/mediaView.js => /Users/SamJacob/Desktop/App Design/Venue Finder/build/android/bin/assets/Resources/views/mediaView.js
[TRACE] COPYING CREATED FILE: /Users/SamJacob/Desktop/App Design/Venue Finder/Resources/views/offersView.js => /Users/SamJacob/Desktop/App Design/Venue Finder/build/android/bin/assets/Resources/views/offersView.js
[TRACE] COPYING CREATED FILE: /Users/SamJacob/Desktop/App Design/Venue Finder/Resources/views/searchView.js => /Users/SamJacob/Desktop/App Design/Venue Finder/build/android/bin/assets/Resources/views/searchView.js
[DEBUG] LiveView not enabled
[TRACE] Generating Java Classes
[DEBUG] Processing Android resource drawables
[DEBUG] app stylesheet => /Users/SamJacob/Desktop/App Design/Venue Finder/build/android/gen/com/ksagency/venuefinder/ApplicationStylesheet.java
[DEBUG] copying app icon: /Users/SamJacob/Desktop/App Design/Venue Finder/build/android/bin/assets/Resources/appicon.png
[DEBUG] generating theme.xml
[DEBUG] found splash screen at /Users/SamJacob/Desktop/App Design/Venue Finder/build/android/bin/assets/Resources/default.png
[DEBUG] Added 'screenSize' to <activity android:configChanges> because targeted api level 17 is >= 13
[TRACE] Writing out AndroidManifest.xml
[DEBUG] adding /Users/SamJacob/Desktop/App Design/Venue Finder/build/android/gen/com/ksagency/venuefinder/ApplicationStylesheet.java to javac build list
[DEBUG] adding /Users/SamJacob/Desktop/App Design/Venue Finder/build/android/gen/com/ksagency/venuefinder/AssetCryptImpl.java to javac build list
[DEBUG] adding /Users/SamJacob/Desktop/App Design/Venue Finder/build/android/gen/com/ksagency/venuefinder/R.java to javac build list
[DEBUG] adding /Users/SamJacob/Desktop/App Design/Venue Finder/build/android/gen/com/ksagency/venuefinder/VenueFinderActivity.java to javac build list
[DEBUG] adding /Users/SamJacob/Desktop/App Design/Venue Finder/build/android/gen/com/ksagency/venuefinder/VenueFinderAppInfo.java to javac build list
[DEBUG] adding /Users/SamJacob/Desktop/App Design/Venue Finder/build/android/gen/com/ksagency/venuefinder/VenueFinderApplication.java to javac build list
[DEBUG] Building Java Sources: "/Users/SamJacob/Desktop/App Design/Venue Finder/build/android/gen/com/ksagency/venuefinder/ApplicationStylesheet.java" "/Users/SamJacob/Desktop/App Design/Venue Finder/build/android/gen/com/ksagency/venuefinder/AssetCryptImpl.java" "/Users/SamJacob/Desktop/App Design/Venue Finder/build/android/gen/com/ksagency/venuefinder/R.java" "/Users/SamJacob/Desktop/App Design/Venue Finder/build/android/gen/com/ksagency/venuefinder/VenueFinderActivity.java" "/Users/SamJacob/Desktop/App Design/Venue Finder/build/android/gen/com/ksagency/venuefinder/VenueFinderAppInfo.java" "/Users/SamJacob/Desktop/App Design/Venue Finder/build/android/gen/com/ksagency/venuefinder/VenueFinderApplication.java"
[INFO] Compiling Android Resources... This could take some time
[DEBUG] Android classes.dex built
[DEBUG] creating unsigned apk: /Users/SamJacob/Desktop/App Design/Venue Finder/build/android/bin/app-unsigned.apk
[DEBUG] from resource zip => assets/Resources/SpryAssets/SpryCollapsiblePanel.css
[DEBUG] from resource zip => assets/Resources/SpryAssets/SpryCollapsiblePaneliPad.css
[DEBUG] from resource zip => assets/Resources/images/1star.png
[DEBUG] from resource zip => assets/Resources/images/2star.png
[DEBUG] from resource zip => assets/Resources/images/3star.png
[DEBUG] from resource zip => assets/Resources/images/4star.png
[DEBUG] from resource zip => assets/Resources/images/5star.png
[DEBUG] from resource zip => assets/Resources/images/Amy.jpg
[DEBUG] from resource zip => assets/Resources/images/Cass1.jpg
[DEBUG] from resource zip => assets/Resources/images/Chris2.jpg
[DEBUG] from resource zip => assets/Resources/images/Dan.jpg
[DEBUG] from resource zip => assets/Resources/images/Helen.jpg
[DEBUG] from resource zip => assets/Resources/images/Jo[1].jpg
[DEBUG] from resource zip => assets/Resources/images/Kris Revised.jpg
[DEBUG] from resource zip => assets/Resources/images/LeeAnne.jpg
[DEBUG] from resource zip => assets/Resources/images/Liz.jpg
[DEBUG] from resource zip => assets/Resources/images/LoadingScreen.jpg
[DEBUG] from resource zip => assets/Resources/images/Maria[1].jpg
[DEBUG] from resource zip => assets/Resources/images/Me.JPG
[DEBUG] from resource zip => assets/Resources/images/Melissa.jpg
[DEBUG] from resource zip => assets/Resources/images/Pam.jpg
[DEBUG] from resource zip => assets/Resources/images/Shani.jpg
[DEBUG] from resource zip => assets/Resources/images/Toni Walsh.jpg
[DEBUG] from resource zip => assets/Resources/images/Vicki Peerless2.jpg
[DEBUG] from resource zip => assets/Resources/images/Zoe.jpg
[DEBUG] from resource zip => assets/Resources/images/add_favourites.png
[DEBUG] from resource zip => assets/Resources/images/add_favourites_dslctd.png
[DEBUG] from resource zip => assets/Resources/images/advert.png
[DEBUG] from resource zip => assets/Resources/images/button_az_directory.png
[DEBUG] from resource zip => assets/Resources/images/button_quick_search.png
[DEBUG] from resource zip => assets/Resources/images/button_search_near.png
[DEBUG] from resource zip => assets/Resources/images/button_speak_advisor.png
[DEBUG] from resource zip => assets/Resources/images/button_special_offers.png
[DEBUG] from resource zip => assets/Resources/images/button_venue_collections.png
[DEBUG] from resource zip => assets/Resources/images/callButton.png
[DEBUG] from resource zip => assets/Resources/images/col-4starhotels.jpg
[DEBUG] from resource zip => assets/Resources/images/col-conference.jpg
[DEBUG] from resource zip => assets/Resources/images/col-unusual.jpg
[DEBUG] from resource zip => assets/Resources/images/col-venueoffers.jpg
[DEBUG] from resource zip => assets/Resources/images/col-virtualtours.jpg
[DEBUG] from resource zip => assets/Resources/images/col-weddings.jpg
[DEBUG] from resource zip => assets/Resources/images/deleteButton.png
[DEBUG] from resource zip => assets/Resources/images/delete_favourite.png
[DEBUG] from resource zip => assets/Resources/images/email_submit_bar.png
[DEBUG] from resource zip => assets/Resources/images/facebook.png
[DEBUG] from resource zip => assets/Resources/images/favourites.png
[DEBUG] from resource zip => assets/Resources/images/favouritesAndroid.png
[DEBUG] from resource zip => assets/Resources/images/featuredbanner.png
[DEBUG] from resource zip => assets/Resources/images/featuredbanner_big.png
[DEBUG] from resource zip => assets/Resources/images/free_listing.png
[DEBUG] from resource zip => assets/Resources/images/geolocate.png
[DEBUG] from resource zip => assets/Resources/images/greenPin.png
[DEBUG] from resource zip => assets/Resources/images/has_access.png
[DEBUG] from resource zip => assets/Resources/images/has_bedrooms.png
[DEBUG] from resource zip => assets/Resources/images/has_offers.png
[DEBUG] from resource zip => assets/Resources/images/icon.png
[DEBUG] from resource zip => assets/Resources/images/imageBanner.png
[DEBUG] from resource zip => assets/Resources/images/imageBannerLeft.png
[DEBUG] from resource zip => assets/Resources/images/imageBannerRight.png
[DEBUG] from resource zip => assets/Resources/images/kate-hewitt.jpg
[DEBUG] from resource zip => assets/Resources/images/linkedin.png
[DEBUG] from resource zip => assets/Resources/images/listing_book.png
[DEBUG] from resource zip => assets/Resources/images/listing_book_nctv.png
[DEBUG] from resource zip => assets/Resources/images/listing_call.png
[DEBUG] from resource zip => assets/Resources/images/listing_call_nctv.png
[DEBUG] from resource zip => assets/Resources/images/listing_description.png
[DEBUG] from resource zip => assets/Resources/images/listing_description_nctv.png
[DEBUG] from resource zip => assets/Resources/images/listing_offers.png
[DEBUG] from resource zip => assets/Resources/images/listing_offers_nctv.png
[DEBUG] from resource zip => assets/Resources/images/loading_page.png
[DEBUG] from resource zip => assets/Resources/images/logo.png
[DEBUG] from resource zip => assets/Resources/images/logoIpad.png
[DEBUG] from resource zip => assets/Resources/images/map.png
[DEBUG] from resource zip => assets/Resources/images/mapAndroid.png
[DEBUG] from resource zip => assets/Resources/images/map_key copy.png
[DEBUG] from resource zip => assets/Resources/images/map_key.png
[DEBUG] from resource zip => assets/Resources/images/mapkey.png
[DEBUG] from resource zip => assets/Resources/images/media.png
[DEBUG] from resource zip => assets/Resources/images/mediaAndroid.png
[DEBUG] from resource zip => assets/Resources/images/media_tours.png
[DEBUG] from resource zip => assets/Resources/images/media_videos.png
[DEBUG] from resource zip => assets/Resources/images/meeting_rooms.png
[DEBUG] from resource zip => assets/Resources/images/meeting_rooms_ns.png
[DEBUG] from resource zip => assets/Resources/images/meeting_rooms_s.png
[DEBUG] from resource zip => assets/Resources/images/menubox.png
[DEBUG] from resource zip => assets/Resources/images/moreButton.png
[DEBUG] from resource zip => assets/Resources/images/offerbanner.png
[DEBUG] from resource zip => assets/Resources/images/offerbanner_big.png
[DEBUG] from resource zip => assets/Resources/images/offers.png
[DEBUG] from resource zip => assets/Resources/images/offersAndroid.png
[DEBUG] from resource zip => assets/Resources/images/offers_near_me.png
[DEBUG] from resource zip => assets/Resources/images/paid_listing.png
[DEBUG] from resource zip => assets/Resources/images/photos_media.png
[DEBUG] from resource zip => assets/Resources/images/photos_media_ns.png
[DEBUG] from resource zip => assets/Resources/images/photos_media_s.png
[DEBUG] from resource zip => assets/Resources/images/playButton.png
[DEBUG] from resource zip => assets/Resources/images/play_video.png
[DEBUG] from resource zip => assets/Resources/images/rateButton.png
[DEBUG] from resource zip => assets/Resources/images/redPin.png
[DEBUG] from resource zip => assets/Resources/images/right_arrow.png
[DEBUG] from resource zip => assets/Resources/images/search.png
[DEBUG] from resource zip => assets/Resources/images/searchAndroid.png
[DEBUG] from resource zip => assets/Resources/images/searchIcon.png
[DEBUG] from resource zip => assets/Resources/images/send_bar.png
[DEBUG] from resource zip => assets/Resources/images/send_bar_single.png
[DEBUG] from resource zip => assets/Resources/images/shadow_overlay.png
[DEBUG] from resource zip => assets/Resources/images/share_all_button.png
[DEBUG] from resource zip => assets/Resources/images/share_button.png
[DEBUG] from resource zip => assets/Resources/images/share_this_venue.png
[DEBUG] from resource zip => assets/Resources/images/show_all_offers.png
[DEBUG] from resource zip => assets/Resources/images/show_on_map.png
[DEBUG] from resource zip => assets/Resources/images/show_on_map_ns.png
[DEBUG] from resource zip => assets/Resources/images/small_icon.png
[DEBUG] from resource zip => assets/Resources/images/socialflag.png
[DEBUG] from resource zip => assets/Resources/images/special_offers.png
[DEBUG] from resource zip => assets/Resources/images/special_offers_ns.png
[DEBUG] from resource zip => assets/Resources/images/special_offers_s.png
[DEBUG] from resource zip => assets/Resources/images/splash_page.png
[DEBUG] from resource zip => assets/Resources/images/submit_bar.png
[DEBUG] from resource zip => assets/Resources/images/submit_bar_single.png
[DEBUG] from resource zip => assets/Resources/images/tab1_ipad.png
[DEBUG] from resource zip => assets/Resources/images/tab1_ipad_ns.png
[DEBUG] from resource zip => assets/Resources/images/tab1_ipad_s.png
[DEBUG] from resource zip => assets/Resources/images/tab2_ipad.png
[DEBUG] from resource zip => assets/Resources/images/tab2_ipad_ns.png
[DEBUG] from resource zip => assets/Resources/images/tab2_ipad_s.png
[DEBUG] from resource zip => assets/Resources/images/tab3_ipad.png
[DEBUG] from resource zip => assets/Resources/images/tab3_ipad_ns.png
[DEBUG] from resource zip => assets/Resources/images/tab3_ipad_s.png
[DEBUG] from resource zip => assets/Resources/images/tab4_ipad.png
[DEBUG] from resource zip => assets/Resources/images/tab4_ipad_ns.png
[DEBUG] from resource zip => assets/Resources/images/tab4_ipad_s.png
[DEBUG] from resource zip => assets/Resources/images/tab5_ipad.png
[DEBUG] from resource zip => assets/Resources/images/tab5_ipad_ns.png
[DEBUG] from resource zip => assets/Resources/images/tab5_ipad_s.png
[DEBUG] from resource zip => assets/Resources/images/tab_edit.png
[DEBUG] from resource zip => assets/Resources/images/tab_list.png
[DEBUG] from resource zip => assets/Resources/images/tab_share.png
[DEBUG] from resource zip => assets/Resources/images/tab_sort.png
[DEBUG] from resource zip => assets/Resources/images/twitter.png
[DEBUG] from resource zip => assets/Resources/images/update.png
[DEBUG] from resource zip => assets/Resources/images/update_offers.png
[DEBUG] from resource zip => assets/Resources/images/venue_advice.png
[DEBUG] from resource zip => assets/Resources/images/venue_facilities.png
[DEBUG] from resource zip => assets/Resources/images/venue_facilities_ns.png
[DEBUG] from resource zip => assets/Resources/images/venue_facilities_s.png
[DEBUG] from resource zip => assets/Resources/images/venue_info.png
[DEBUG] from resource zip => assets/Resources/images/venue_info_ns.png
[DEBUG] from resource zip => assets/Resources/images/venue_info_s.png
[DEBUG] from resource zip => assets/Resources/images/venues_near_me.png
[DEBUG] from resource zip => assets/Resources/images/videobanner.png
[DEBUG] from resource zip => assets/Resources/images/whiteSearch.png
[DEBUG] from resource zip => assets/Resources/images/white_mask.png
[DEBUG] from resource zip => assets/Resources/about_us.html
[DEBUG] from resource zip => assets/Resources/about_us_iPad.html
[DEBUG] from resource zip => assets/Resources/advert.html
[DEBUG] from resource zip => assets/Resources/appicon.png
[DEBUG] from resource zip => assets/Resources/default.png
[DEBUG] from resource zip => assets/Resources/favourites.db
[DEBUG] from resource zip => assets/Resources/offers.db
[DEBUG] from resource zip => assets/Resources/specialoffers.db
[DEBUG] from resource zip => assets/Resources/text.html
[DEBUG] from resource zip => assets/Resources/text_iPad.html
[DEBUG] from resource zip => assets/Resources/update.db
[DEBUG] from resource zip => assets/Resources/venuefinder.db
[DEBUG] from resource zip => assets/app.json
[DEBUG] from resource zip => assets/index.json
[DEBUG] from resource zip => res/drawable/appicon.png
[DEBUG] from resource zip => res/drawable/background.png
[DEBUG] from resource zip => res/drawable/btn_check_buttonless_on_64.png
[DEBUG] from resource zip => res/drawable/btn_more_64.png
[DEBUG] from resource zip => res/drawable/disclosure_64.png
[DEBUG] from resource zip => res/layout/titanium_tabgroup.xml
[DEBUG] from resource zip => res/layout/titanium_ui_list_header_or_footer.xml
[DEBUG] from resource zip => res/layout/titanium_ui_list_item.xml
[DEBUG] from resource zip => AndroidManifest.xml
[DEBUG] from resource zip => resources.arsc
[DEBUG] from JAR /Library/Application Support/Titanium/mobilesdk/osx/3.1.3.GA/android/modules/titanium-ui.jar => ti/modules/titanium/ui/widget/webview/binding.js
[DEBUG] from JAR /Library/Application Support/Titanium/mobilesdk/osx/3.1.3.GA/android/modules/titanium-ui.jar => ti/modules/titanium/ui/widget/webview/binding.min.js
[DEBUG] from JAR /Library/Application Support/Titanium/mobilesdk/osx/3.1.3.GA/android/modules/titanium-ui.jar => ti/modules/titanium/ui/widget/webview/json2.js
[DEBUG] from JAR /Library/Application Support/Titanium/mobilesdk/osx/3.1.3.GA/android/modules/titanium-ui.jar => ti/modules/titanium/ui/widget/webview/polling.js
[DEBUG] from JAR /Library/Application Support/Titanium/mobilesdk/osx/3.1.3.GA/android/modules/titanium-ui.jar => ti/modules/titanium/ui/widget/webview/polling.min.js
[DEBUG] from JAR /Library/Application Support/Titanium/mobilesdk/osx/3.1.3.GA/android/thirdparty.jar => org/apache/Commons-NOTICE.txt
[DEBUG] from JAR /Library/Application Support/Titanium/mobilesdk/osx/3.1.3.GA/android/thirdparty.jar => org/apache/HttpComponents-NOTICE.txt
[DEBUG] from JAR /Library/Application Support/Titanium/mobilesdk/osx/3.1.3.GA/android/thirdparty.jar => org/apache/mime4j-NOTICE.txt
[DEBUG] from JAR /Library/Application Support/Titanium/mobilesdk/osx/3.1.3.GA/android/titanium.jar => org/appcelerator/titanium/build.properties
[DEBUG] from JAR /Library/Application Support/Titanium/mobilesdk/osx/3.1.3.GA/android/titanium.jar => org/appcelerator/titanium/res/drawable/background.png
[DEBUG] from JAR /Library/Application Support/Titanium/mobilesdk/osx/3.1.3.GA/android/titanium.jar => org/appcelerator/titanium/res/drawable/btn_check_buttonless_on.png
[DEBUG] from JAR /Library/Application Support/Titanium/mobilesdk/osx/3.1.3.GA/android/titanium.jar => org/appcelerator/titanium/res/drawable/btn_check_buttonless_on_18.png
[DEBUG] from JAR /Library/Application Support/Titanium/mobilesdk/osx/3.1.3.GA/android/titanium.jar => org/appcelerator/titanium/res/drawable/btn_check_buttonless_on_48.png
[DEBUG] from JAR /Library/Application Support/Titanium/mobilesdk/osx/3.1.3.GA/android/titanium.jar => org/appcelerator/titanium/res/drawable/btn_check_buttonless_on_64.png
[DEBUG] from JAR /Library/Application Support/Titanium/mobilesdk/osx/3.1.3.GA/android/titanium.jar => org/appcelerator/titanium/res/drawable/btn_more.png
[DEBUG] from JAR /Library/Application Support/Titanium/mobilesdk/osx/3.1.3.GA/android/titanium.jar => org/appcelerator/titanium/res/drawable/btn_more_18.png
[DEBUG] from JAR /Library/Application Support/Titanium/mobilesdk/osx/3.1.3.GA/android/titanium.jar => org/appcelerator/titanium/res/drawable/btn_more_48.png
[DEBUG] from JAR /Library/Application Support/Titanium/mobilesdk/osx/3.1.3.GA/android/titanium.jar => org/appcelerator/titanium/res/drawable/btn_more_64.png
[DEBUG] from JAR /Library/Application Support/Titanium/mobilesdk/osx/3.1.3.GA/android/titanium.jar => org/appcelerator/titanium/res/drawable/btn_picker_normal.9.png
[DEBUG] from JAR /Library/Application Support/Titanium/mobilesdk/osx/3.1.3.GA/android/titanium.jar => org/appcelerator/titanium/res/drawable/btn_picker_pressed.9.png
[DEBUG] from JAR /Library/Application Support/Titanium/mobilesdk/osx/3.1.3.GA/android/titanium.jar => org/appcelerator/titanium/res/drawable/btn_picker_selected.9.png
[DEBUG] from JAR /Library/Application Support/Titanium/mobilesdk/osx/3.1.3.GA/android/titanium.jar => org/appcelerator/titanium/res/drawable/default_icon.png
[DEBUG] from JAR /Library/Application Support/Titanium/mobilesdk/osx/3.1.3.GA/android/titanium.jar => org/appcelerator/titanium/res/drawable/photoDefault.png
[DEBUG] installing native lib: /Library/Application Support/Titanium/modules/android/ti.compression/2.0.3/libs/armeabi/libti.compression.so
[DEBUG] installing native lib: /Library/Application Support/Titanium/modules/android/ti.compression/2.0.3/libs/armeabi-v7a/libti.compression.so
[DEBUG] installing native lib: /Library/Application Support/Titanium/modules/android/ti.compression/2.0.3/libs/x86/libti.compression.so
[DEBUG] installing native SDK libs
